<?xml version="1.0" encoding="UTF-8"?>
<!-- Generated by org.testng.reporters.JUnitReportReporter -->
<testsuite skipped="0" hostname="NDI-LAP-464" name="com.app.mobile.test.ParkMobileLoginTest" tests="1" failures="0" timestamp="20 Sep 2017 06:42:24 GMT" time="30.792" errors="0">
  <testcase name="startServer" time="30.792" classname="com.app.mobile.test.ParkMobileLoginTest"/>
</testsuite> <!-- com.app.mobile.test.ParkMobileLoginTest -->
